<?xml version="1.0" encoding="UTF-8"?>
<!-- Generated by org.testng.reporters.JUnitReportReporter -->
<testsuite skipped="0" hostname="oleg-laptop1" name="com.epam.AppTest" tests="1" failures="0" timestamp="18 лип. 2017 05:45:36 GMT" time="0.008" errors="0">
  <testcase name="testApp" time="0.008" classname="com.epam.AppTest"/>
</testsuite> <!-- com.epam.AppTest -->
