<?xml version="1.0" encoding="UTF-8"?>
<!-- Generated by org.testng.reporters.JUnitReportReporter -->
<testsuite skipped="0" hostname="PABLO-ПК" name="com.epam.lab.TestNGPageObject" tests="3" failures="0" timestamp="26 лип. 2017 07:09:28 GMT" time="349.843" errors="0">
  <testcase name="testSend" time="113.848" classname="com.epam.lab.TestNGPageObject"/>
  <testcase name="testSend" time="122.168" classname="com.epam.lab.TestNGPageObject"/>
  <testcase name="testSend" time="113.827" classname="com.epam.lab.TestNGPageObject"/>
</testsuite> <!-- com.epam.lab.TestNGPageObject -->
