<?xml version="1.0" encoding="UTF-8"?>
<!-- Generated by org.testng.reporters.JUnitReportReporter -->
<testsuite skipped="0" hostname="DESKTOP-T7GAKR6" name="com.epam.lab.gmail.MultiTest" tests="2" failures="0" timestamp="24 лип. 2017 09:27:10 GMT" time="8.606" errors="0">
  <testcase name="markMessagesToImportantAndDelete" time="3.196" classname="com.epam.lab.gmail.MultiTest"/>
  <testcase name="markMessagesToImportantAndDelete" time="5.410" classname="com.epam.lab.gmail.MultiTest"/>
</testsuite> <!-- com.epam.lab.gmail.MultiTest -->
