<?xml version="1.0" encoding="UTF-8"?>
<!-- Generated by org.testng.reporters.JUnitReportReporter -->
<testsuite skipped="0" hostname="PABLO-ПК" name="com.epam.lab.util.TestNGPageObject" tests="1" failures="0" timestamp="24 лип. 2017 16:09:38 GMT" time="27.302" errors="0">
  <testcase name="testSend" time="27.302" classname="com.epam.lab.util.TestNGPageObject"/>
</testsuite> <!-- com.epam.lab.util.TestNGPageObject -->
